<?xml version="1.0" encoding="UTF-8"?>
<testng-results ignored="0" total="1" passed="1" failed="0" skipped="0">
  <reporter-output>
  </reporter-output>
  <suite started-at="2020-08-05T10:44:48 IST" name="Default suite" finished-at="2020-08-05T10:45:03 IST" duration-ms="14661">
    <groups>
    </groups>
    <test started-at="2020-08-05T10:44:48 IST" name="Default test" finished-at="2020-08-05T10:45:03 IST" duration-ms="14661">
      <class name="StaticJson">
        <test-method signature="addBook()[pri:0, instance:StaticJson@57c758ac]" started-at="2020-08-05T10:44:48 IST" name="addBook" finished-at="2020-08-05T10:45:03 IST" duration-ms="14493" status="PASS">
          <reporter-output>
          </reporter-output>
        </test-method> <!-- addBook -->
      </class> <!-- StaticJson -->
    </test> <!-- Default test -->
  </suite> <!-- Default suite -->
</testng-results>
